{"level":"error","message":"Unable to start server: getaddrinfo EAI_AGAIN postgres_db","name":"SequelizeConnectionError","original":{"code":"EAI_AGAIN","errno":-3001,"hostname":"postgres_db","syscall":"getaddrinfo"},"parent":{"code":"EAI_AGAIN","errno":-3001,"hostname":"postgres_db","syscall":"getaddrinfo"},"service":"todo-api","stack":"SequelizeConnectionError: getaddrinfo EAI_AGAIN postgres_db\n    at Client._connectionCallback (/home/cgt_jod_lin_vaibhav/Project/TODO API/node_modules/sequelize/lib/dialects/postgres/connection-manager.js:145:24)\n    at Client._handleErrorWhileConnecting (/home/cgt_jod_lin_vaibhav/Project/TODO API/node_modules/pg/lib/client.js:336:19)\n    at Client._handleErrorEvent (/home/cgt_jod_lin_vaibhav/Project/TODO API/node_modules/pg/lib/client.js:346:19)\n    at Connection.emit (node:events:518:28)\n    at Socket.reportStreamError (/home/cgt_jod_lin_vaibhav/Project/TODO API/node_modules/pg/lib/connection.js:57:12)\n    at Socket.emit (node:events:518:28)\n    at emitErrorNT (node:internal/streams/destroy:169:8)\n    at emitErrorCloseNT (node:internal/streams/destroy:128:3)\n    at process.processTicksAndRejections (node:internal/process/task_queues:82:21)","timestamp":"2025-12-02 18:42:21"}
{"level":"error","message":"Unable to start server: password authentication failed for user \"postgres\"","name":"SequelizeConnectionError","original":{"code":"28P01","file":"auth.c","length":104,"line":"343","name":"error","routine":"auth_failed","severity":"FATAL"},"parent":{"code":"28P01","file":"auth.c","length":104,"line":"343","name":"error","routine":"auth_failed","severity":"FATAL"},"service":"todo-api","stack":"SequelizeConnectionError: password authentication failed for user \"postgres\"\n    at Client._connectionCallback (/home/cgt_jod_lin_vaibhav/Project/TODO API/node_modules/sequelize/lib/dialects/postgres/connection-manager.js:145:24)\n    at Client._handleErrorWhileConnecting (/home/cgt_jod_lin_vaibhav/Project/TODO API/node_modules/pg/lib/client.js:336:19)\n    at Client._handleErrorMessage (/home/cgt_jod_lin_vaibhav/Project/TODO API/node_modules/pg/lib/client.js:356:19)\n    at Connection.emit (node:events:518:28)\n    at /home/cgt_jod_lin_vaibhav/Project/TODO API/node_modules/pg/lib/connection.js:116:12\n    at Parser.parse (/home/cgt_jod_lin_vaibhav/Project/TODO API/node_modules/pg-protocol/dist/parser.js:36:17)\n    at Socket.<anonymous> (/home/cgt_jod_lin_vaibhav/Project/TODO API/node_modules/pg-protocol/dist/index.js:11:42)\n    at Socket.emit (node:events:518:28)\n    at addChunk (node:internal/streams/readable:559:12)\n    at readableAddChunkPushByteMode (node:internal/streams/readable:510:3)","timestamp":"2025-12-02 18:43:45"}
{"level":"info","message":"Database connection established successfully.","service":"todo-api","timestamp":"2025-12-02 19:14:44"}
{"level":"info","message":"Server is running on port 3000","service":"todo-api","timestamp":"2025-12-02 19:14:44"}
{"level":"info","message":"Environment: development","service":"todo-api","timestamp":"2025-12-02 19:14:44"}
{"level":"info","message":"SIGTERM signal received: closing HTTP server","service":"todo-api","timestamp":"2025-12-02 19:14:51"}
{"level":"info","message":"Database connection established successfully.","service":"todo-api","timestamp":"2025-12-02 19:15:04"}
{"level":"info","message":"Server is running on port 3000","service":"todo-api","timestamp":"2025-12-02 19:15:04"}
{"level":"info","message":"Environment: development","service":"todo-api","timestamp":"2025-12-02 19:15:04"}
{"level":"info","message":"GET /health","service":"todo-api","timestamp":"2025-12-02 19:15:07"}
{"level":"info","message":"GET /api/todos","service":"todo-api","timestamp":"2025-12-02 19:15:23"}
{"level":"warn","message":"Using X-User-Id header for authentication (JWT not configured)","service":"todo-api","timestamp":"2025-12-02 19:15:23"}
{"level":"info","message":"POST /api/todos","service":"todo-api","timestamp":"2025-12-02 19:15:26"}
{"level":"warn","message":"Using X-User-Id header for authentication (JWT not configured)","service":"todo-api","timestamp":"2025-12-02 19:15:26"}
{"level":"info","message":"Todo created: 8c4109ea-8c82-4e53-ad1c-7423e36ea105 for user: 550e8400-e29b-41d4-a716-446655440001","service":"todo-api","timestamp":"2025-12-02 19:15:26"}
{"level":"info","message":"SIGTERM signal received: closing HTTP server","service":"todo-api","timestamp":"2025-12-02 19:15:29"}
{"level":"info","message":"Database connection established successfully.","service":"todo-api","timestamp":"2025-12-02 19:16:57"}
{"level":"info","message":"Server is running on port 3000","service":"todo-api","timestamp":"2025-12-02 19:16:57"}
{"level":"info","message":"Environment: development","service":"todo-api","timestamp":"2025-12-02 19:16:57"}
{"level":"info","message":"GET /","service":"todo-api","timestamp":"2025-12-02 19:37:10"}
{"level":"info","message":"SIGTERM signal received: closing HTTP server","service":"todo-api","timestamp":"2025-12-02 19:38:44"}
{"level":"info","message":"Database connection established successfully.","service":"todo-api","timestamp":"2025-12-02 19:38:44"}
{"level":"info","message":"Server is running on port 3000","service":"todo-api","timestamp":"2025-12-02 19:38:44"}
{"level":"info","message":"Environment: development","service":"todo-api","timestamp":"2025-12-02 19:38:44"}
{"level":"info","message":"SIGTERM signal received: closing HTTP server","service":"todo-api","timestamp":"2025-12-02 19:39:14"}
{"level":"info","message":"Database connection established successfully.","service":"todo-api","timestamp":"2025-12-02 19:39:15"}
{"level":"info","message":"Server is running on port 3000","service":"todo-api","timestamp":"2025-12-02 19:39:15"}
{"level":"info","message":"Environment: development","service":"todo-api","timestamp":"2025-12-02 19:39:15"}
{"level":"info","message":"SIGTERM signal received: closing HTTP server","service":"todo-api","timestamp":"2025-12-02 19:39:18"}
{"level":"info","message":"Database connection established successfully.","service":"todo-api","timestamp":"2025-12-02 19:39:19"}
{"level":"info","message":"Server is running on port 3000","service":"todo-api","timestamp":"2025-12-02 19:39:19"}
{"level":"info","message":"Environment: development","service":"todo-api","timestamp":"2025-12-02 19:39:19"}
{"level":"info","message":"SIGTERM signal received: closing HTTP server","service":"todo-api","timestamp":"2025-12-02 19:39:23"}
{"level":"info","message":"Database connection established successfully.","service":"todo-api","timestamp":"2025-12-02 19:39:24"}
{"level":"info","message":"Server is running on port 3000","service":"todo-api","timestamp":"2025-12-02 19:39:24"}
{"level":"info","message":"Environment: development","service":"todo-api","timestamp":"2025-12-02 19:39:24"}
{"level":"info","message":"SIGTERM signal received: closing HTTP server","service":"todo-api","timestamp":"2025-12-02 19:39:35"}
{"level":"info","message":"Database connection established successfully.","service":"todo-api","timestamp":"2025-12-02 19:39:37"}
{"level":"info","message":"Server is running on port 3000","service":"todo-api","timestamp":"2025-12-02 19:39:37"}
{"level":"info","message":"Environment: development","service":"todo-api","timestamp":"2025-12-02 19:39:37"}
{"level":"info","message":"GET /api-docs/","service":"todo-api","timestamp":"2025-12-02 19:40:21"}
{"level":"info","message":"SIGTERM signal received: closing HTTP server","service":"todo-api","timestamp":"2025-12-02 19:40:37"}
{"level":"info","message":"Database connection established successfully.","service":"todo-api","timestamp":"2025-12-02 19:40:38"}
{"level":"info","message":"Server is running on port 3000","service":"todo-api","timestamp":"2025-12-02 19:40:38"}
{"level":"info","message":"Environment: development","service":"todo-api","timestamp":"2025-12-02 19:40:38"}
{"level":"info","message":"Database connection established successfully.","service":"todo-api","timestamp":"2025-12-02 19:40:47"}
{"level":"info","message":"GET /api-docs/","service":"todo-api","timestamp":"2025-12-02 19:40:49"}
{"level":"info","message":"SIGTERM signal received: closing HTTP server","service":"todo-api","timestamp":"2025-12-02 19:40:58"}
{"level":"info","message":"Database connection established successfully.","service":"todo-api","timestamp":"2025-12-02 19:40:59"}
{"level":"info","message":"Server is running on port 3000","service":"todo-api","timestamp":"2025-12-02 19:40:59"}
{"level":"info","message":"Environment: development","service":"todo-api","timestamp":"2025-12-02 19:40:59"}
{"level":"info","message":"GET /api-docs","service":"todo-api","timestamp":"2025-12-02 19:41:07"}
{"level":"info","message":"GET /api-docs/","service":"todo-api","timestamp":"2025-12-02 19:41:07"}
{"level":"info","message":"GET /api-docs/swagger-ui.css","service":"todo-api","timestamp":"2025-12-02 19:41:07"}
{"level":"info","message":"GET /api-docs/swagger-ui-bundle.js","service":"todo-api","timestamp":"2025-12-02 19:41:07"}
{"level":"info","message":"GET /api-docs/swagger-ui-standalone-preset.js","service":"todo-api","timestamp":"2025-12-02 19:41:07"}
{"level":"info","message":"GET /api-docs/swagger-ui-init.js","service":"todo-api","timestamp":"2025-12-02 19:41:07"}
{"level":"info","message":"GET /api-docs/favicon-32x32.png","service":"todo-api","timestamp":"2025-12-02 19:41:08"}
{"level":"info","message":"SIGINT signal received: closing HTTP server","service":"todo-api","timestamp":"2025-12-02 19:43:34"}
